[main] INFO  com.sda.javagdy4.apirekrutacyjne.Main  - Please enter currency [dolar,euro,rubel]:
[main] ERROR com.sda.javagdy4.apirekrutacyjne.Main  - Error: unrecognized currency.
[main] INFO  com.sda.javagdy4.apirekrutacyjne.Main  - Please enter currency [dolar,euro,rubel]:
[main] ERROR com.sda.javagdy4.apirekrutacyjne.Main  - Error: unrecognized currency.
[main] INFO  com.sda.javagdy4.apirekrutacyjne.Main  - Please enter currency [dolar,euro,rubel]:
2020-07-04 13:57:21,586 [main] INFO  com.sda.javagdy4.apirekrutacyjne.Main  - Please enter currency [dolar,euro,rubel]:
2020-07-04 14:19:41,462 [main] INFO  com.sda.javagdy4.apirekrutacyjne.Main  - Please enter currency [dolar,euro,rubel]:
2020-07-04 14:19:45,980 [main] ERROR com.sda.javagdy4.apirekrutacyjne.Main  - Error: unrecognized currency.
2020-07-04 14:19:45,980 [main] INFO  com.sda.javagdy4.apirekrutacyjne.Main  - Please enter currency [dolar,euro,rubel]:
2020-07-04 14:19:47,561 [main] ERROR com.sda.javagdy4.apirekrutacyjne.Main  - Error: unrecognized currency.
2020-07-04 14:19:47,561 [main] INFO  com.sda.javagdy4.apirekrutacyjne.Main  - Please enter currency [dolar,euro,rubel]:
2020-07-04 14:19:49,363 [main] INFO  com.sda.javagdy4.apirekrutacyjne.Main  - Please enter end date [yyyy-MM-dd]:
2020-07-04 14:19:54,086 [main] ERROR com.sda.javagdy4.apirekrutacyjne.DateTimeUtilties  - Błąd parsowania daty.
2020-07-04 14:19:54,090 [main] ERROR com.sda.javagdy4.apirekrutacyjne.Main  - Wrong date: End date should be no later than yesterday.
2020-07-04 14:19:54,090 [main] INFO  com.sda.javagdy4.apirekrutacyjne.Main  - Please enter end date [yyyy-MM-dd]:
2020-07-04 14:19:58,394 [main] INFO  com.sda.javagdy4.apirekrutacyjne.Main  - Please enter start date [yyyy-MM-dd]:
2020-07-04 14:20:08,588 [main] ERROR com.sda.javagdy4.apirekrutacyjne.DateTimeUtilties  - Błąd parsowania daty.
2020-07-04 14:20:08,590 [main] ERROR com.sda.javagdy4.apirekrutacyjne.Main  - Wrong date: Text '2019-' could not be parsed at index 5
2020-07-04 14:20:08,590 [main] INFO  com.sda.javagdy4.apirekrutacyjne.Main  - Please enter start date [yyyy-MM-dd]:
2020-07-04 14:20:14,349 [main] INFO  com.sda.javagdy4.apirekrutacyjne.NBPApi  - Request URL: http://api.nbp.pl/api/exchangerates/rates/C/USD/2019-12-01/2020-03-03/?format=json
2020-07-04 14:20:15,025 [main] INFO  com.sda.javagdy4.apirekrutacyjne.Main  - Rate(no=232/C/NBP/2019, effectiveDate=2019-12-02, bid=3.8838, ask=3.9622)
2020-07-04 14:20:15,046 [main] INFO  com.sda.javagdy4.apirekrutacyjne.Main  - Rate(no=233/C/NBP/2019, effectiveDate=2019-12-03, bid=3.8435, ask=3.9211)
2020-07-04 14:20:15,046 [main] INFO  com.sda.javagdy4.apirekrutacyjne.Main  - Rate(no=234/C/NBP/2019, effectiveDate=2019-12-04, bid=3.8249, ask=3.9021)
2020-07-04 14:20:15,047 [main] INFO  com.sda.javagdy4.apirekrutacyjne.Main  - Rate(no=235/C/NBP/2019, effectiveDate=2019-12-05, bid=3.8144, ask=3.8914)
2020-07-04 14:20:15,047 [main] INFO  com.sda.javagdy4.apirekrutacyjne.Main  - Rate(no=236/C/NBP/2019, effectiveDate=2019-12-06, bid=3.8139, ask=3.8909)
2020-07-04 14:20:15,047 [main] INFO  com.sda.javagdy4.apirekrutacyjne.Main  - Rate(no=237/C/NBP/2019, effectiveDate=2019-12-09, bid=3.8358, ask=3.9132)
2020-07-04 14:20:15,047 [main] INFO  com.sda.javagdy4.apirekrutacyjne.Main  - Rate(no=238/C/NBP/2019, effectiveDate=2019-12-10, bid=3.8284, ask=3.9058)
2020-07-04 14:20:15,047 [main] INFO  com.sda.javagdy4.apirekrutacyjne.Main  - Rate(no=239/C/NBP/2019, effectiveDate=2019-12-11, bid=3.8333, ask=3.9107)
2020-07-04 14:20:15,047 [main] INFO  com.sda.javagdy4.apirekrutacyjne.Main  - Rate(no=240/C/NBP/2019, effectiveDate=2019-12-12, bid=3.8261, ask=3.9033)
2020-07-04 14:20:15,048 [main] INFO  com.sda.javagdy4.apirekrutacyjne.Main  - Rate(no=241/C/NBP/2019, effectiveDate=2019-12-13, bid=3.813, ask=3.89)
2020-07-04 14:20:15,048 [main] INFO  com.sda.javagdy4.apirekrutacyjne.Main  - Rate(no=242/C/NBP/2019, effectiveDate=2019-12-16, bid=3.7913, ask=3.8679)
2020-07-04 14:20:15,048 [main] INFO  com.sda.javagdy4.apirekrutacyjne.Main  - Rate(no=243/C/NBP/2019, effectiveDate=2019-12-17, bid=3.7856, ask=3.862)
2020-07-04 14:20:15,048 [main] INFO  com.sda.javagdy4.apirekrutacyjne.Main  - Rate(no=244/C/NBP/2019, effectiveDate=2019-12-18, bid=3.7791, ask=3.8555)
2020-07-04 14:20:15,048 [main] INFO  com.sda.javagdy4.apirekrutacyjne.Main  - Rate(no=245/C/NBP/2019, effectiveDate=2019-12-19, bid=3.8035, ask=3.8803)
2020-07-04 14:20:15,049 [main] INFO  com.sda.javagdy4.apirekrutacyjne.Main  - Rate(no=246/C/NBP/2019, effectiveDate=2019-12-20, bid=3.7907, ask=3.8673)
2020-07-04 14:20:15,049 [main] INFO  com.sda.javagdy4.apirekrutacyjne.Main  - Rate(no=247/C/NBP/2019, effectiveDate=2019-12-23, bid=3.8046, ask=3.8814)
2020-07-04 14:20:15,049 [main] INFO  com.sda.javagdy4.apirekrutacyjne.Main  - Rate(no=248/C/NBP/2019, effectiveDate=2019-12-24, bid=3.8091, ask=3.8861)
2020-07-04 14:20:15,049 [main] INFO  com.sda.javagdy4.apirekrutacyjne.Main  - Rate(no=249/C/NBP/2019, effectiveDate=2019-12-27, bid=3.8102, ask=3.8872)
2020-07-04 14:20:15,049 [main] INFO  com.sda.javagdy4.apirekrutacyjne.Main  - Rate(no=250/C/NBP/2019, effectiveDate=2019-12-30, bid=3.7821, ask=3.8585)
2020-07-04 14:20:15,049 [main] INFO  com.sda.javagdy4.apirekrutacyjne.Main  - Rate(no=251/C/NBP/2019, effectiveDate=2019-12-31, bid=3.7636, ask=3.8396)
2020-07-04 14:20:15,050 [main] INFO  com.sda.javagdy4.apirekrutacyjne.Main  - Rate(no=001/C/NBP/2020, effectiveDate=2020-01-02, bid=3.7597, ask=3.8357)
2020-07-04 14:20:15,050 [main] INFO  com.sda.javagdy4.apirekrutacyjne.Main  - Rate(no=002/C/NBP/2020, effectiveDate=2020-01-03, bid=3.7667, ask=3.8427)
2020-07-04 14:20:15,050 [main] INFO  com.sda.javagdy4.apirekrutacyjne.Main  - Rate(no=003/C/NBP/2020, effectiveDate=2020-01-07, bid=3.7679, ask=3.8441)
2020-07-04 14:20:15,050 [main] INFO  com.sda.javagdy4.apirekrutacyjne.Main  - Rate(no=004/C/NBP/2020, effectiveDate=2020-01-08, bid=3.7704, ask=3.8466)
2020-07-04 14:20:15,050 [main] INFO  com.sda.javagdy4.apirekrutacyjne.Main  - Rate(no=005/C/NBP/2020, effectiveDate=2020-01-09, bid=3.7724, ask=3.8486)
2020-07-04 14:20:15,051 [main] INFO  com.sda.javagdy4.apirekrutacyjne.Main  - Rate(no=006/C/NBP/2020, effectiveDate=2020-01-10, bid=3.7817, ask=3.8581)
2020-07-04 14:20:15,051 [main] INFO  com.sda.javagdy4.apirekrutacyjne.Main  - Rate(no=007/C/NBP/2020, effectiveDate=2020-01-13, bid=3.7823, ask=3.8587)
2020-07-04 14:20:15,051 [main] INFO  com.sda.javagdy4.apirekrutacyjne.Main  - Rate(no=008/C/NBP/2020, effectiveDate=2020-01-14, bid=3.7731, ask=3.8493)
2020-07-04 14:20:15,051 [main] INFO  com.sda.javagdy4.apirekrutacyjne.Main  - Rate(no=009/C/NBP/2020, effectiveDate=2020-01-15, bid=3.7566, ask=3.8324)
2020-07-04 14:20:15,051 [main] INFO  com.sda.javagdy4.apirekrutacyjne.Main  - Rate(no=010/C/NBP/2020, effectiveDate=2020-01-16, bid=3.7487, ask=3.8245)
2020-07-04 14:20:15,051 [main] INFO  com.sda.javagdy4.apirekrutacyjne.Main  - Rate(no=011/C/NBP/2020, effectiveDate=2020-01-17, bid=3.764, ask=3.84)
2020-07-04 14:20:15,052 [main] INFO  com.sda.javagdy4.apirekrutacyjne.Main  - Rate(no=012/C/NBP/2020, effectiveDate=2020-01-20, bid=3.7823, ask=3.8587)
2020-07-04 14:20:15,052 [main] INFO  com.sda.javagdy4.apirekrutacyjne.Main  - Rate(no=013/C/NBP/2020, effectiveDate=2020-01-21, bid=3.789, ask=3.8656)
2020-07-04 14:20:15,052 [main] INFO  com.sda.javagdy4.apirekrutacyjne.Main  - Rate(no=014/C/NBP/2020, effectiveDate=2020-01-22, bid=3.7739, ask=3.8501)
2020-07-04 14:20:15,052 [main] INFO  com.sda.javagdy4.apirekrutacyjne.Main  - Rate(no=015/C/NBP/2020, effectiveDate=2020-01-23, bid=3.7871, ask=3.8637)
2020-07-04 14:20:15,052 [main] INFO  com.sda.javagdy4.apirekrutacyjne.Main  - Rate(no=016/C/NBP/2020, effectiveDate=2020-01-24, bid=3.7974, ask=3.8742)
2020-07-04 14:20:15,053 [main] INFO  com.sda.javagdy4.apirekrutacyjne.Main  - Rate(no=017/C/NBP/2020, effectiveDate=2020-01-27, bid=3.8178, ask=3.895)
2020-07-04 14:20:15,053 [main] INFO  com.sda.javagdy4.apirekrutacyjne.Main  - Rate(no=018/C/NBP/2020, effectiveDate=2020-01-28, bid=3.8414, ask=3.919)
2020-07-04 14:20:15,053 [main] INFO  com.sda.javagdy4.apirekrutacyjne.Main  - Rate(no=019/C/NBP/2020, effectiveDate=2020-01-29, bid=3.8427, ask=3.9203)
2020-07-04 14:20:15,053 [main] INFO  com.sda.javagdy4.apirekrutacyjne.Main  - Rate(no=020/C/NBP/2020, effectiveDate=2020-01-30, bid=3.8576, ask=3.9356)
2020-07-04 14:20:15,053 [main] INFO  com.sda.javagdy4.apirekrutacyjne.Main  - Rate(no=021/C/NBP/2020, effectiveDate=2020-01-31, bid=3.8519, ask=3.9297)
2020-07-04 14:20:15,053 [main] INFO  com.sda.javagdy4.apirekrutacyjne.Main  - Rate(no=022/C/NBP/2020, effectiveDate=2020-02-03, bid=3.8501, ask=3.9279)
2020-07-04 14:20:15,054 [main] INFO  com.sda.javagdy4.apirekrutacyjne.Main  - Rate(no=023/C/NBP/2020, effectiveDate=2020-02-04, bid=3.8493, ask=3.9271)
2020-07-04 14:20:15,054 [main] INFO  com.sda.javagdy4.apirekrutacyjne.Main  - Rate(no=024/C/NBP/2020, effectiveDate=2020-02-05, bid=3.8289, ask=3.9063)
2020-07-04 14:20:15,054 [main] INFO  com.sda.javagdy4.apirekrutacyjne.Main  - Rate(no=025/C/NBP/2020, effectiveDate=2020-02-06, bid=3.8143, ask=3.8913)
2020-07-04 14:20:15,054 [main] INFO  com.sda.javagdy4.apirekrutacyjne.Main  - Rate(no=026/C/NBP/2020, effectiveDate=2020-02-07, bid=3.8343, ask=3.9117)
2020-07-04 14:20:15,054 [main] INFO  com.sda.javagdy4.apirekrutacyjne.Main  - Rate(no=027/C/NBP/2020, effectiveDate=2020-02-10, bid=3.8562, ask=3.9342)
2020-07-04 14:20:15,054 [main] INFO  com.sda.javagdy4.apirekrutacyjne.Main  - Rate(no=028/C/NBP/2020, effectiveDate=2020-02-11, bid=3.8636, ask=3.9416)
2020-07-04 14:20:15,055 [main] INFO  com.sda.javagdy4.apirekrutacyjne.Main  - Rate(no=029/C/NBP/2020, effectiveDate=2020-02-12, bid=3.8536, ask=3.9314)
2020-07-04 14:20:15,055 [main] INFO  com.sda.javagdy4.apirekrutacyjne.Main  - Rate(no=030/C/NBP/2020, effectiveDate=2020-02-13, bid=3.8599, ask=3.9379)
2020-07-04 14:20:15,055 [main] INFO  com.sda.javagdy4.apirekrutacyjne.Main  - Rate(no=031/C/NBP/2020, effectiveDate=2020-02-14, bid=3.8807, ask=3.9591)
2020-07-04 14:20:15,055 [main] INFO  com.sda.javagdy4.apirekrutacyjne.Main  - Rate(no=032/C/NBP/2020, effectiveDate=2020-02-17, bid=3.8725, ask=3.9507)
2020-07-04 14:20:15,055 [main] INFO  com.sda.javagdy4.apirekrutacyjne.Main  - Rate(no=033/C/NBP/2020, effectiveDate=2020-02-18, bid=3.8922, ask=3.9708)
2020-07-04 14:20:15,056 [main] INFO  com.sda.javagdy4.apirekrutacyjne.Main  - Rate(no=034/C/NBP/2020, effectiveDate=2020-02-19, bid=3.9148, ask=3.9938)
2020-07-04 14:20:15,056 [main] INFO  com.sda.javagdy4.apirekrutacyjne.Main  - Rate(no=035/C/NBP/2020, effectiveDate=2020-02-20, bid=3.92, ask=3.9992)
2020-07-04 14:20:15,056 [main] INFO  com.sda.javagdy4.apirekrutacyjne.Main  - Rate(no=036/C/NBP/2020, effectiveDate=2020-02-21, bid=3.9145, ask=3.9935)
2020-07-04 14:20:15,056 [main] INFO  com.sda.javagdy4.apirekrutacyjne.Main  - Rate(no=037/C/NBP/2020, effectiveDate=2020-02-24, bid=3.9223, ask=4.0015)
2020-07-04 14:20:15,056 [main] INFO  com.sda.javagdy4.apirekrutacyjne.Main  - Rate(no=038/C/NBP/2020, effectiveDate=2020-02-25, bid=3.9249, ask=4.0041)
2020-07-04 14:20:15,057 [main] INFO  com.sda.javagdy4.apirekrutacyjne.Main  - Rate(no=039/C/NBP/2020, effectiveDate=2020-02-26, bid=3.9227, ask=4.0019)
2020-07-04 14:20:15,057 [main] INFO  com.sda.javagdy4.apirekrutacyjne.Main  - Rate(no=040/C/NBP/2020, effectiveDate=2020-02-27, bid=3.9286, ask=4.008)
2020-07-04 14:20:15,057 [main] INFO  com.sda.javagdy4.apirekrutacyjne.Main  - Rate(no=041/C/NBP/2020, effectiveDate=2020-02-28, bid=3.897, ask=3.9758)
2020-07-04 14:20:15,057 [main] INFO  com.sda.javagdy4.apirekrutacyjne.Main  - Rate(no=042/C/NBP/2020, effectiveDate=2020-03-02, bid=3.908, ask=3.987)
2020-07-04 14:20:15,057 [main] INFO  com.sda.javagdy4.apirekrutacyjne.Main  - Rate(no=043/C/NBP/2020, effectiveDate=2020-03-03, bid=3.8541, ask=3.9319)
2020-07-04 14:48:24,713 [main] INFO  com.sda.javagdy4.apirekrutacyjne.Main  - Please enter currency [dolar,euro,rubel]:
2020-07-04 14:48:44,352 [main] INFO  com.sda.javagdy4.apirekrutacyjne.Main  - Please enter currency [dolar,euro,rubel]:
2020-07-04 15:16:07,033 [main] INFO  com.sda.javagdy4.apirekrutacyjne.Main  - Please enter currency [dolar,euro,rubel]:
2020-07-04 15:17:00,264 [main] INFO  com.sda.javagdy4.apirekrutacyjne.Main  - Please enter currency [dolar,euro,rubel]:
2020-07-04 15:17:02,314 [main] ERROR com.sda.javagdy4.apirekrutacyjne.Main  - Error: unrecognized currency.
2020-07-04 15:17:02,315 [main] INFO  com.sda.javagdy4.apirekrutacyjne.Main  - Please enter currency [dolar,euro,rubel]:
2020-07-04 15:17:03,190 [main] ERROR com.sda.javagdy4.apirekrutacyjne.Main  - Error: unrecognized currency.
2020-07-04 15:17:03,191 [main] INFO  com.sda.javagdy4.apirekrutacyjne.Main  - Please enter currency [dolar,euro,rubel]:
2020-07-04 15:17:04,737 [main] ERROR com.sda.javagdy4.apirekrutacyjne.Main  - Error: unrecognized currency.
2020-07-04 15:17:04,738 [main] INFO  com.sda.javagdy4.apirekrutacyjne.Main  - Please enter currency [dolar,euro,rubel]:
2020-07-04 15:17:05,531 [main] INFO  com.sda.javagdy4.apirekrutacyjne.Main  - Please enter end date [yyyy-MM-dd]:
2020-07-04 15:17:09,733 [main] INFO  com.sda.javagdy4.apirekrutacyjne.Main  - Please enter start date [yyyy-MM-dd]:
2020-07-04 15:17:14,308 [main] ERROR com.sda.javagdy4.apirekrutacyjne.DateTimeUtilties  - Błąd parsowania daty.
2020-07-04 15:17:14,314 [main] ERROR com.sda.javagdy4.apirekrutacyjne.Main  - Wrong date: Start date should be no later than end date.
2020-07-04 15:17:14,314 [main] INFO  com.sda.javagdy4.apirekrutacyjne.Main  - Please enter start date [yyyy-MM-dd]:
2020-07-04 15:17:23,738 [main] INFO  com.sda.javagdy4.apirekrutacyjne.NBPApi  - Request URL: http://api.nbp.pl/api/exchangerates/rates/C/USD/2020-01-01/2020-03-03/?format=json
2020-07-04 15:17:24,252 [main] INFO  com.sda.javagdy4.apirekrutacyjne.Main  - Rate(no=001/C/NBP/2020, effectiveDate=2020-01-02, bid=3.7597, ask=3.8357)
2020-07-04 15:17:24,270 [main] INFO  com.sda.javagdy4.apirekrutacyjne.Main  - Rate(no=002/C/NBP/2020, effectiveDate=2020-01-03, bid=3.7667, ask=3.8427)
2020-07-04 15:17:24,271 [main] INFO  com.sda.javagdy4.apirekrutacyjne.Main  - Rate(no=003/C/NBP/2020, effectiveDate=2020-01-07, bid=3.7679, ask=3.8441)
2020-07-04 15:17:24,271 [main] INFO  com.sda.javagdy4.apirekrutacyjne.Main  - Rate(no=004/C/NBP/2020, effectiveDate=2020-01-08, bid=3.7704, ask=3.8466)
2020-07-04 15:17:24,271 [main] INFO  com.sda.javagdy4.apirekrutacyjne.Main  - Rate(no=005/C/NBP/2020, effectiveDate=2020-01-09, bid=3.7724, ask=3.8486)
2020-07-04 15:17:24,271 [main] INFO  com.sda.javagdy4.apirekrutacyjne.Main  - Rate(no=006/C/NBP/2020, effectiveDate=2020-01-10, bid=3.7817, ask=3.8581)
2020-07-04 15:17:24,271 [main] INFO  com.sda.javagdy4.apirekrutacyjne.Main  - Rate(no=007/C/NBP/2020, effectiveDate=2020-01-13, bid=3.7823, ask=3.8587)
2020-07-04 15:17:24,272 [main] INFO  com.sda.javagdy4.apirekrutacyjne.Main  - Rate(no=008/C/NBP/2020, effectiveDate=2020-01-14, bid=3.7731, ask=3.8493)
2020-07-04 15:17:24,272 [main] INFO  com.sda.javagdy4.apirekrutacyjne.Main  - Rate(no=009/C/NBP/2020, effectiveDate=2020-01-15, bid=3.7566, ask=3.8324)
2020-07-04 15:17:24,272 [main] INFO  com.sda.javagdy4.apirekrutacyjne.Main  - Rate(no=010/C/NBP/2020, effectiveDate=2020-01-16, bid=3.7487, ask=3.8245)
2020-07-04 15:17:24,272 [main] INFO  com.sda.javagdy4.apirekrutacyjne.Main  - Rate(no=011/C/NBP/2020, effectiveDate=2020-01-17, bid=3.764, ask=3.84)
2020-07-04 15:17:24,272 [main] INFO  com.sda.javagdy4.apirekrutacyjne.Main  - Rate(no=012/C/NBP/2020, effectiveDate=2020-01-20, bid=3.7823, ask=3.8587)
2020-07-04 15:17:24,272 [main] INFO  com.sda.javagdy4.apirekrutacyjne.Main  - Rate(no=013/C/NBP/2020, effectiveDate=2020-01-21, bid=3.789, ask=3.8656)
2020-07-04 15:17:24,273 [main] INFO  com.sda.javagdy4.apirekrutacyjne.Main  - Rate(no=014/C/NBP/2020, effectiveDate=2020-01-22, bid=3.7739, ask=3.8501)
2020-07-04 15:17:24,273 [main] INFO  com.sda.javagdy4.apirekrutacyjne.Main  - Rate(no=015/C/NBP/2020, effectiveDate=2020-01-23, bid=3.7871, ask=3.8637)
2020-07-04 15:17:24,273 [main] INFO  com.sda.javagdy4.apirekrutacyjne.Main  - Rate(no=016/C/NBP/2020, effectiveDate=2020-01-24, bid=3.7974, ask=3.8742)
2020-07-04 15:17:24,273 [main] INFO  com.sda.javagdy4.apirekrutacyjne.Main  - Rate(no=017/C/NBP/2020, effectiveDate=2020-01-27, bid=3.8178, ask=3.895)
2020-07-04 15:17:24,273 [main] INFO  com.sda.javagdy4.apirekrutacyjne.Main  - Rate(no=018/C/NBP/2020, effectiveDate=2020-01-28, bid=3.8414, ask=3.919)
2020-07-04 15:17:24,273 [main] INFO  com.sda.javagdy4.apirekrutacyjne.Main  - Rate(no=019/C/NBP/2020, effectiveDate=2020-01-29, bid=3.8427, ask=3.9203)
2020-07-04 15:17:24,274 [main] INFO  com.sda.javagdy4.apirekrutacyjne.Main  - Rate(no=020/C/NBP/2020, effectiveDate=2020-01-30, bid=3.8576, ask=3.9356)
2020-07-04 15:17:24,274 [main] INFO  com.sda.javagdy4.apirekrutacyjne.Main  - Rate(no=021/C/NBP/2020, effectiveDate=2020-01-31, bid=3.8519, ask=3.9297)
2020-07-04 15:17:24,274 [main] INFO  com.sda.javagdy4.apirekrutacyjne.Main  - Rate(no=022/C/NBP/2020, effectiveDate=2020-02-03, bid=3.8501, ask=3.9279)
2020-07-04 15:17:24,274 [main] INFO  com.sda.javagdy4.apirekrutacyjne.Main  - Rate(no=023/C/NBP/2020, effectiveDate=2020-02-04, bid=3.8493, ask=3.9271)
2020-07-04 15:17:24,274 [main] INFO  com.sda.javagdy4.apirekrutacyjne.Main  - Rate(no=024/C/NBP/2020, effectiveDate=2020-02-05, bid=3.8289, ask=3.9063)
2020-07-04 15:17:24,274 [main] INFO  com.sda.javagdy4.apirekrutacyjne.Main  - Rate(no=025/C/NBP/2020, effectiveDate=2020-02-06, bid=3.8143, ask=3.8913)
2020-07-04 15:17:24,275 [main] INFO  com.sda.javagdy4.apirekrutacyjne.Main  - Rate(no=026/C/NBP/2020, effectiveDate=2020-02-07, bid=3.8343, ask=3.9117)
2020-07-04 15:17:24,275 [main] INFO  com.sda.javagdy4.apirekrutacyjne.Main  - Rate(no=027/C/NBP/2020, effectiveDate=2020-02-10, bid=3.8562, ask=3.9342)
2020-07-04 15:17:24,275 [main] INFO  com.sda.javagdy4.apirekrutacyjne.Main  - Rate(no=028/C/NBP/2020, effectiveDate=2020-02-11, bid=3.8636, ask=3.9416)
2020-07-04 15:17:24,275 [main] INFO  com.sda.javagdy4.apirekrutacyjne.Main  - Rate(no=029/C/NBP/2020, effectiveDate=2020-02-12, bid=3.8536, ask=3.9314)
2020-07-04 15:17:24,275 [main] INFO  com.sda.javagdy4.apirekrutacyjne.Main  - Rate(no=030/C/NBP/2020, effectiveDate=2020-02-13, bid=3.8599, ask=3.9379)
2020-07-04 15:17:24,275 [main] INFO  com.sda.javagdy4.apirekrutacyjne.Main  - Rate(no=031/C/NBP/2020, effectiveDate=2020-02-14, bid=3.8807, ask=3.9591)
2020-07-04 15:17:24,275 [main] INFO  com.sda.javagdy4.apirekrutacyjne.Main  - Rate(no=032/C/NBP/2020, effectiveDate=2020-02-17, bid=3.8725, ask=3.9507)
2020-07-04 15:17:24,276 [main] INFO  com.sda.javagdy4.apirekrutacyjne.Main  - Rate(no=033/C/NBP/2020, effectiveDate=2020-02-18, bid=3.8922, ask=3.9708)
2020-07-04 15:17:24,276 [main] INFO  com.sda.javagdy4.apirekrutacyjne.Main  - Rate(no=034/C/NBP/2020, effectiveDate=2020-02-19, bid=3.9148, ask=3.9938)
2020-07-04 15:17:24,276 [main] INFO  com.sda.javagdy4.apirekrutacyjne.Main  - Rate(no=035/C/NBP/2020, effectiveDate=2020-02-20, bid=3.92, ask=3.9992)
2020-07-04 15:17:24,276 [main] INFO  com.sda.javagdy4.apirekrutacyjne.Main  - Rate(no=036/C/NBP/2020, effectiveDate=2020-02-21, bid=3.9145, ask=3.9935)
2020-07-04 15:17:24,276 [main] INFO  com.sda.javagdy4.apirekrutacyjne.Main  - Rate(no=037/C/NBP/2020, effectiveDate=2020-02-24, bid=3.9223, ask=4.0015)
2020-07-04 15:17:24,277 [main] INFO  com.sda.javagdy4.apirekrutacyjne.Main  - Rate(no=038/C/NBP/2020, effectiveDate=2020-02-25, bid=3.9249, ask=4.0041)
2020-07-04 15:17:24,277 [main] INFO  com.sda.javagdy4.apirekrutacyjne.Main  - Rate(no=039/C/NBP/2020, effectiveDate=2020-02-26, bid=3.9227, ask=4.0019)
2020-07-04 15:17:24,277 [main] INFO  com.sda.javagdy4.apirekrutacyjne.Main  - Rate(no=040/C/NBP/2020, effectiveDate=2020-02-27, bid=3.9286, ask=4.008)
2020-07-04 15:17:24,277 [main] INFO  com.sda.javagdy4.apirekrutacyjne.Main  - Rate(no=041/C/NBP/2020, effectiveDate=2020-02-28, bid=3.897, ask=3.9758)
2020-07-04 15:17:24,277 [main] INFO  com.sda.javagdy4.apirekrutacyjne.Main  - Rate(no=042/C/NBP/2020, effectiveDate=2020-03-02, bid=3.908, ask=3.987)
2020-07-04 15:17:24,277 [main] INFO  com.sda.javagdy4.apirekrutacyjne.Main  - Rate(no=043/C/NBP/2020, effectiveDate=2020-03-03, bid=3.8541, ask=3.9319)
